# JRE version: Java(TM) SE Runtime Environment (18.0.1.1+2) (build 18.0.1.1+2-6)
# Java VM: Java HotSpot(TM) 64-Bit Server VM (18.0.1.1+2-6, mixed mode, sharing, tiered, compressed oops, compressed class ptrs, g1 gc, windows-amd64)
GC Precious Log:
 CardTable entry size: 512
 Card Set container configuration: InlinePtr #cards 5 size 8 Array Of Cards #cards 12 size 40 Howl #buckets 4 coarsen threshold 1843 Howl Bitmap #cards 512 size 80 coarsen threshold 460 Card regions per heap region 1 cards per card region 2048
 CPUs: 8 total, 8 available
 Memory: 3406M
 Large Page Support: Disabled
 NUMA Support: Disabled
 Compressed Oops: Enabled (32-bit)
 Heap Region Size: 1M
 Heap Min Capacity: 8M
 Heap Initial Capacity: 54M
 Heap Max Capacity: 512M
 Pre-touch: Disabled
 Parallel Workers: 8
 Concurrent Workers: 2
 Concurrent Refinement Workers: 8
 Periodic GC: Disabled
Heap:
 garbage-first heap   total 55296K, used 27625K [0x00000000e0000000, 0x0000000100000000)
  region size 1024K, 14 young (14336K), 3 survivors (3072K)
 Metaspace       used 34888K, committed 35392K, reserved 1114112K
  class space    used 4668K, committed 4928K, reserved 1048576K
GC Heap History (16 events):
Event: 2.047 GC heap before
{Heap before GC invocations=0 (full 0):
 garbage-first heap   total 55296K, used 22528K [0x00000000e0000000, 0x0000000100000000)
  region size 1024K, 23 young (23552K), 0 survivors (0K)
 Metaspace       used 6211K, committed 6400K, reserved 1114112K
  class space    used 787K, committed 896K, reserved 1048576K
}
Event: 2.061 GC heap after
{Heap after GC invocations=1 (full 0):
 garbage-first heap   total 55296K, used 7909K [0x00000000e0000000, 0x0000000100000000)
  region size 1024K, 3 young (3072K), 3 survivors (3072K)
 Metaspace       used 6211K, committed 6400K, reserved 1114112K
  class space    used 787K, committed 896K, reserved 1048576K
}
Event: 3.755 GC heap before
{Heap before GC invocations=1 (full 0):
 garbage-first heap   total 55296K, used 26341K [0x00000000e0000000, 0x0000000100000000)
  region size 1024K, 21 young (21504K), 3 survivors (3072K)
 Metaspace       used 10485K, committed 10752K, reserved 1114112K
  class space    used 1362K, committed 1472K, reserved 1048576K
}
Event: 3.760 GC heap after
{Heap after GC invocations=2 (full 0):
 garbage-first heap   total 55296K, used 9246K [0x00000000e0000000, 0x0000000100000000)
  region size 1024K, 2 young (2048K), 2 survivors (2048K)
 Metaspace       used 10485K, committed 10752K, reserved 1114112K
  class space    used 1362K, committed 1472K, reserved 1048576K
}
Event: 5.305 GC heap before
{Heap before GC invocations=2 (full 0):
 garbage-first heap   total 55296K, used 28702K [0x00000000e0000000, 0x0000000100000000)
  region size 1024K, 21 young (21504K), 2 survivors (2048K)
 Metaspace       used 14614K, committed 14848K, reserved 1114112K
  class space    used 1941K, committed 2048K, reserved 1048576K
}
Event: 5.308 GC heap after
{Heap after GC invocations=3 (full 0):
 garbage-first heap   total 55296K, used 10623K [0x00000000e0000000, 0x0000000100000000)
  region size 1024K, 3 young (3072K), 3 survivors (3072K)
 Metaspace       used 14614K, committed 14848K, reserved 1114112K
  class space    used 1941K, committed 2048K, reserved 1048576K
}
Event: 6.217 GC heap before
{Heap before GC invocations=3 (full 0):
 garbage-first heap   total 55296K, used 32127K [0x00000000e0000000, 0x0000000100000000)
  region size 1024K, 25 young (25600K), 3 survivors (3072K)
 Metaspace       used 19033K, committed 19328K, reserved 1114112K
  class space    used 2606K, committed 2752K, reserved 1048576K
}
Event: 6.221 GC heap after
{Heap after GC invocations=4 (full 0):
 garbage-first heap   total 55296K, used 11860K [0x00000000e0000000, 0x0000000100000000)
  region size 1024K, 3 young (3072K), 3 survivors (3072K)
 Metaspace       used 19033K, committed 19328K, reserved 1114112K
  class space    used 2606K, committed 2752K, reserved 1048576K
}
Event: 6.547 GC heap before
{Heap before GC invocations=4 (full 0):
 garbage-first heap   total 55296K, used 23124K [0x00000000e0000000, 0x0000000100000000)
  region size 1024K, 16 young (16384K), 3 survivors (3072K)
 Metaspace       used 21256K, committed 21568K, reserved 1114112K
  class space    used 2856K, committed 3008K, reserved 1048576K
}
Event: 6.551 GC heap after
{Heap after GC invocations=5 (full 0):
 garbage-first heap   total 55296K, used 12917K [0x00000000e0000000, 0x0000000100000000)
  region size 1024K, 3 young (3072K), 3 survivors (3072K)
 Metaspace       used 21256K, committed 21568K, reserved 1114112K
  class space    used 2856K, committed 3008K, reserved 1048576K
}
Event: 7.085 GC heap before
{Heap before GC invocations=6 (full 0):
 garbage-first heap   total 55296K, used 35445K [0x00000000e0000000, 0x0000000100000000)
  region size 1024K, 26 young (26624K), 3 survivors (3072K)
 Metaspace       used 24926K, committed 25344K, reserved 1114112K
  class space    used 3282K, committed 3456K, reserved 1048576K
}
Event: 7.091 GC heap after
{Heap after GC invocations=7 (full 0):
 garbage-first heap   total 55296K, used 14426K [0x00000000e0000000, 0x0000000100000000)
  region size 1024K, 3 young (3072K), 3 survivors (3072K)
 Metaspace       used 24926K, committed 25344K, reserved 1114112K
  class space    used 3282K, committed 3456K, reserved 1048576K
}
Event: 8.433 GC heap before
{Heap before GC invocations=7 (full 0):
 garbage-first heap   total 55296K, used 36954K [0x00000000e0000000, 0x0000000100000000)
  region size 1024K, 26 young (26624K), 3 survivors (3072K)
 Metaspace       used 28421K, committed 28800K, reserved 1114112K
  class space    used 3733K, committed 3904K, reserved 1048576K
}
Event: 8.438 GC heap after
{Heap after GC invocations=8 (full 0):
 garbage-first heap   total 55296K, used 16299K [0x00000000e0000000, 0x0000000100000000)
  region size 1024K, 4 young (4096K), 4 survivors (4096K)
 Metaspace       used 28421K, committed 28800K, reserved 1114112K
  class space    used 3733K, committed 3904K, reserved 1048576K
}
Event: 9.894 GC heap before
{Heap before GC invocations=8 (full 0):
 garbage-first heap   total 55296K, used 37803K [0x00000000e0000000, 0x0000000100000000)
  region size 1024K, 26 young (26624K), 4 survivors (4096K)
 Metaspace       used 32443K, committed 32960K, reserved 1114112K
  class space    used 4303K, committed 4544K, reserved 1048576K
}
Event: 9.903 GC heap after
{Heap after GC invocations=9 (full 0):
 garbage-first heap   total 55296K, used 18409K [0x00000000e0000000, 0x0000000100000000)
  region size 1024K, 3 young (3072K), 3 survivors (3072K)
 Metaspace       used 32443K, committed 32960K, reserved 1114112K
  class space    used 4303K, committed 4544K, reserved 1048576K
}

