# JRE version: Java(TM) SE Runtime Environment (18.0.1.1+2) (build 18.0.1.1+2-6)
# Java VM: Java HotSpot(TM) 64-Bit Server VM (18.0.1.1+2-6, mixed mode, sharing, tiered, compressed oops, compressed class ptrs, g1 gc, windows-amd64)
GC Precious Log:
 CardTable entry size: 512
 Card Set container configuration: InlinePtr #cards 5 size 8 Array Of Cards #cards 12 size 40 Howl #buckets 4 coarsen threshold 1843 Howl Bitmap #cards 512 size 80 coarsen threshold 460 Card regions per heap region 1 cards per card region 2048
 CPUs: 8 total, 8 available
 Memory: 3406M
 Large Page Support: Disabled
 NUMA Support: Disabled
 Compressed Oops: Enabled (32-bit)
 Heap Region Size: 1M
 Heap Min Capacity: 256M
 Heap Initial Capacity: 256M
 Heap Max Capacity: 512M
 Pre-touch: Disabled
 Parallel Workers: 8
 Concurrent Workers: 2
 Concurrent Refinement Workers: 8
 Periodic GC: Disabled
Heap:
 garbage-first heap   total 262144K, used 193616K [0x00000000e0000000, 0x0000000100000000)
  region size 1024K, 145 young (148480K), 19 survivors (19456K)
 Metaspace       used 77865K, committed 80064K, reserved 446464K
  class space    used 10642K, committed 11776K, reserved 315392K
GC Heap History (16 events):
Event: 1.171 GC heap before
{Heap before GC invocations=0 (full 0):
 garbage-first heap   total 262144K, used 26624K [0x00000000e0000000, 0x0000000100000000)
  region size 1024K, 23 young (23552K), 0 survivors (0K)
 Metaspace       used 3103K, committed 3264K, reserved 380928K
  class space    used 389K, committed 448K, reserved 315392K
}
Event: 1.178 GC heap after
{Heap after GC invocations=1 (full 0):
 garbage-first heap   total 262144K, used 10368K [0x00000000e0000000, 0x0000000100000000)
  region size 1024K, 3 young (3072K), 3 survivors (3072K)
 Metaspace       used 3103K, committed 3264K, reserved 380928K
  class space    used 389K, committed 448K, reserved 315392K
}
Event: 1.944 GC heap before
{Heap before GC invocations=1 (full 0):
 garbage-first heap   total 262144K, used 36992K [0x00000000e0000000, 0x0000000100000000)
  region size 1024K, 30 young (30720K), 3 survivors (3072K)
 Metaspace       used 4055K, committed 4224K, reserved 380928K
  class space    used 491K, committed 576K, reserved 315392K
}
Event: 1.948 GC heap after
{Heap after GC invocations=2 (full 0):
 garbage-first heap   total 262144K, used 11134K [0x00000000e0000000, 0x0000000100000000)
  region size 1024K, 1 young (1024K), 1 survivors (1024K)
 Metaspace       used 4055K, committed 4224K, reserved 380928K
  class space    used 491K, committed 576K, reserved 315392K
}
Event: 5.178 GC heap before
{Heap before GC invocations=2 (full 0):
 garbage-first heap   total 262144K, used 123774K [0x00000000e0000000, 0x0000000100000000)
  region size 1024K, 111 young (113664K), 1 survivors (1024K)
 Metaspace       used 20794K, committed 21504K, reserved 380928K
  class space    used 3061K, committed 3456K, reserved 315392K
}
Event: 5.193 GC heap after
{Heap after GC invocations=3 (full 0):
 garbage-first heap   total 262144K, used 22466K [0x00000000e0000000, 0x0000000100000000)
  region size 1024K, 12 young (12288K), 12 survivors (12288K)
 Metaspace       used 20794K, committed 21504K, reserved 380928K
  class space    used 3061K, committed 3456K, reserved 315392K
}
Event: 7.272 GC heap before
{Heap before GC invocations=4 (full 0):
 garbage-first heap   total 262144K, used 131010K [0x00000000e0000000, 0x0000000100000000)
  region size 1024K, 115 young (117760K), 12 survivors (12288K)
 Metaspace       used 34892K, committed 36096K, reserved 380928K
  class space    used 4854K, committed 5504K, reserved 315392K
}
Event: 7.289 GC heap after
{Heap after GC invocations=5 (full 0):
 garbage-first heap   total 262144K, used 30784K [0x00000000e0000000, 0x0000000100000000)
  region size 1024K, 9 young (9216K), 9 survivors (9216K)
 Metaspace       used 34892K, committed 36096K, reserved 380928K
  class space    used 4854K, committed 5504K, reserved 315392K
}
Event: 13.120 GC heap before
{Heap before GC invocations=6 (full 0):
 garbage-first heap   total 262144K, used 180288K [0x00000000e0000000, 0x0000000100000000)
  region size 1024K, 153 young (156672K), 9 survivors (9216K)
 Metaspace       used 54752K, committed 56576K, reserved 380928K
  class space    used 7695K, committed 8640K, reserved 315392K
}
Event: 13.160 GC heap after
{Heap after GC invocations=7 (full 0):
 garbage-first heap   total 262144K, used 40910K [0x00000000e0000000, 0x0000000100000000)
  region size 1024K, 19 young (19456K), 19 survivors (19456K)
 Metaspace       used 54752K, committed 56576K, reserved 380928K
  class space    used 7695K, committed 8640K, reserved 315392K
}
Event: 14.828 GC heap before
{Heap before GC invocations=7 (full 0):
 garbage-first heap   total 262144K, used 115662K [0x00000000e0000000, 0x0000000100000000)
  region size 1024K, 93 young (95232K), 19 survivors (19456K)
 Metaspace       used 58550K, committed 60288K, reserved 380928K
  class space    used 8313K, committed 9216K, reserved 315392K
}
Event: 14.857 GC heap after
{Heap after GC invocations=8 (full 0):
 garbage-first heap   total 262144K, used 49013K [0x00000000e0000000, 0x0000000100000000)
  region size 1024K, 9 young (9216K), 9 survivors (9216K)
 Metaspace       used 58550K, committed 60288K, reserved 380928K
  class space    used 8313K, committed 9216K, reserved 315392K
}
Event: 18.512 GC heap before
{Heap before GC invocations=9 (full 0):
 garbage-first heap   total 262144K, used 191349K [0x00000000e0000000, 0x0000000100000000)
  region size 1024K, 149 young (152576K), 9 survivors (9216K)
 Metaspace       used 63750K, committed 65664K, reserved 380928K
  class space    used 8911K, committed 9920K, reserved 315392K
}
Event: 18.587 GC heap after
{Heap after GC invocations=10 (full 0):
 garbage-first heap   total 262144K, used 57731K [0x00000000e0000000, 0x0000000100000000)
  region size 1024K, 18 young (18432K), 18 survivors (18432K)
 Metaspace       used 63750K, committed 65664K, reserved 380928K
  class space    used 8911K, committed 9920K, reserved 315392K
}
Event: 23.341 GC heap before
{Heap before GC invocations=10 (full 0):
 garbage-first heap   total 262144K, used 194947K [0x00000000e0000000, 0x0000000100000000)
  region size 1024K, 153 young (156672K), 18 survivors (18432K)
 Metaspace       used 75336K, committed 77376K, reserved 446464K
  class space    used 10337K, committed 11392K, reserved 315392K
}
Event: 23.361 GC heap after
{Heap after GC invocations=11 (full 0):
 garbage-first heap   total 262144K, used 66640K [0x00000000e0000000, 0x0000000100000000)
  region size 1024K, 19 young (19456K), 19 survivors (19456K)
 Metaspace       used 75336K, committed 77376K, reserved 446464K
  class space    used 10337K, committed 11392K, reserved 315392K
}

