# JRE version: Java(TM) SE Runtime Environment (18.0.1.1+2) (build 18.0.1.1+2-6)
# Java VM: Java HotSpot(TM) 64-Bit Server VM (18.0.1.1+2-6, mixed mode, sharing, tiered, compressed oops, compressed class ptrs, g1 gc, windows-amd64)
GC Precious Log:
 CardTable entry size: 512
 Card Set container configuration: InlinePtr #cards 5 size 8 Array Of Cards #cards 12 size 40 Howl #buckets 4 coarsen threshold 1843 Howl Bitmap #cards 512 size 80 coarsen threshold 460 Card regions per heap region 1 cards per card region 2048
 CPUs: 8 total, 8 available
 Memory: 3406M
 Large Page Support: Disabled
 NUMA Support: Disabled
 Compressed Oops: Enabled (32-bit)
 Heap Region Size: 1M
 Heap Min Capacity: 8M
 Heap Initial Capacity: 54M
 Heap Max Capacity: 512M
 Pre-touch: Disabled
 Parallel Workers: 8
 Concurrent Workers: 2
 Concurrent Refinement Workers: 8
 Periodic GC: Disabled
Heap:
 garbage-first heap   total 55296K, used 16854K [0x00000000e0000000, 0x0000000100000000)
  region size 1024K, 9 young (9216K), 3 survivors (3072K)
 Metaspace       used 19641K, committed 19968K, reserved 1114112K
  class space    used 2688K, committed 2816K, reserved 1048576K
GC Heap History (8 events):
Event: 2.056 GC heap before
{Heap before GC invocations=0 (full 0):
 garbage-first heap   total 55296K, used 23552K [0x00000000e0000000, 0x0000000100000000)
  region size 1024K, 23 young (23552K), 0 survivors (0K)
 Metaspace       used 6081K, committed 6336K, reserved 1114112K
  class space    used 762K, committed 896K, reserved 1048576K
}
Event: 2.065 GC heap after
{Heap after GC invocations=1 (full 0):
 garbage-first heap   total 55296K, used 7563K [0x00000000e0000000, 0x0000000100000000)
  region size 1024K, 3 young (3072K), 3 survivors (3072K)
 Metaspace       used 6081K, committed 6336K, reserved 1114112K
  class space    used 762K, committed 896K, reserved 1048576K
}
Event: 3.052 GC heap before
{Heap before GC invocations=1 (full 0):
 garbage-first heap   total 55296K, used 25995K [0x00000000e0000000, 0x0000000100000000)
  region size 1024K, 21 young (21504K), 3 survivors (3072K)
 Metaspace       used 10143K, committed 10368K, reserved 1114112K
  class space    used 1320K, committed 1408K, reserved 1048576K
}
Event: 3.058 GC heap after
{Heap after GC invocations=2 (full 0):
 garbage-first heap   total 55296K, used 9293K [0x00000000e0000000, 0x0000000100000000)
  region size 1024K, 2 young (2048K), 2 survivors (2048K)
 Metaspace       used 10143K, committed 10368K, reserved 1114112K
  class space    used 1320K, committed 1408K, reserved 1048576K
}
Event: 4.145 GC heap before
{Heap before GC invocations=2 (full 0):
 garbage-first heap   total 55296K, used 28749K [0x00000000e0000000, 0x0000000100000000)
  region size 1024K, 21 young (21504K), 2 survivors (2048K)
 Metaspace       used 14361K, committed 14656K, reserved 1114112K
  class space    used 1890K, committed 2048K, reserved 1048576K
}
Event: 4.149 GC heap after
{Heap after GC invocations=3 (full 0):
 garbage-first heap   total 55296K, used 10485K [0x00000000e0000000, 0x0000000100000000)
  region size 1024K, 3 young (3072K), 3 survivors (3072K)
 Metaspace       used 14361K, committed 14656K, reserved 1114112K
  class space    used 1890K, committed 2048K, reserved 1048576K
}
Event: 4.826 GC heap before
{Heap before GC invocations=3 (full 0):
 garbage-first heap   total 55296K, used 31989K [0x00000000e0000000, 0x0000000100000000)
  region size 1024K, 25 young (25600K), 3 survivors (3072K)
 Metaspace       used 18813K, committed 19136K, reserved 1114112K
  class space    used 2556K, committed 2688K, reserved 1048576K
}
Event: 4.830 GC heap after
{Heap after GC invocations=4 (full 0):
 garbage-first heap   total 55296K, used 11734K [0x00000000e0000000, 0x0000000100000000)
  region size 1024K, 3 young (3072K), 3 survivors (3072K)
 Metaspace       used 18813K, committed 19136K, reserved 1114112K
  class space    used 2556K, committed 2688K, reserved 1048576K
}

