# JRE version: Java(TM) SE Runtime Environment (18.0.1.1+2) (build 18.0.1.1+2-6)
# Java VM: Java HotSpot(TM) 64-Bit Server VM (18.0.1.1+2-6, mixed mode, sharing, tiered, compressed oops, compressed class ptrs, g1 gc, windows-amd64)
GC Precious Log:
 CardTable entry size: 512
 Card Set container configuration: InlinePtr #cards 5 size 8 Array Of Cards #cards 12 size 40 Howl #buckets 4 coarsen threshold 1843 Howl Bitmap #cards 512 size 80 coarsen threshold 460 Card regions per heap region 1 cards per card region 2048
 CPUs: 8 total, 8 available
 Memory: 3406M
 Large Page Support: Disabled
 NUMA Support: Disabled
 Compressed Oops: Enabled (32-bit)
 Heap Region Size: 1M
 Heap Min Capacity: 8M
 Heap Initial Capacity: 54M
 Heap Max Capacity: 512M
 Pre-touch: Disabled
 Parallel Workers: 8
 Concurrent Workers: 2
 Concurrent Refinement Workers: 8
 Periodic GC: Disabled
Heap:
 garbage-first heap   total 48128K, used 30832K [0x00000000e0000000, 0x0000000100000000)
  region size 1024K, 13 young (13312K), 2 survivors (2048K)
 Metaspace       used 38415K, committed 38912K, reserved 1114112K
  class space    used 5190K, committed 5440K, reserved 1048576K
GC Heap History (20 events):
Event: 2.416 GC heap before
{Heap before GC invocations=2 (full 0):
 garbage-first heap   total 55296K, used 28513K [0x00000000e0000000, 0x0000000100000000)
  region size 1024K, 21 young (21504K), 2 survivors (2048K)
 Metaspace       used 14538K, committed 14784K, reserved 1114112K
  class space    used 1930K, committed 2048K, reserved 1048576K
}
Event: 2.419 GC heap after
{Heap after GC invocations=3 (full 0):
 garbage-first heap   total 55296K, used 10255K [0x00000000e0000000, 0x0000000100000000)
  region size 1024K, 3 young (3072K), 3 survivors (3072K)
 Metaspace       used 14538K, committed 14784K, reserved 1114112K
  class space    used 1930K, committed 2048K, reserved 1048576K
}
Event: 2.911 GC heap before
{Heap before GC invocations=3 (full 0):
 garbage-first heap   total 55296K, used 32783K [0x00000000e0000000, 0x0000000100000000)
  region size 1024K, 25 young (25600K), 3 survivors (3072K)
 Metaspace       used 19063K, committed 19328K, reserved 1114112K
  class space    used 2614K, committed 2752K, reserved 1048576K
}
Event: 2.915 GC heap after
{Heap after GC invocations=4 (full 0):
 garbage-first heap   total 55296K, used 11602K [0x00000000e0000000, 0x0000000100000000)
  region size 1024K, 3 young (3072K), 3 survivors (3072K)
 Metaspace       used 19063K, committed 19328K, reserved 1114112K
  class space    used 2614K, committed 2752K, reserved 1048576K
}
Event: 3.142 GC heap before
{Heap before GC invocations=4 (full 0):
 garbage-first heap   total 55296K, used 22866K [0x00000000e0000000, 0x0000000100000000)
  region size 1024K, 16 young (16384K), 3 survivors (3072K)
 Metaspace       used 21199K, committed 21504K, reserved 1114112K
  class space    used 2845K, committed 3008K, reserved 1048576K
}
Event: 3.147 GC heap after
{Heap after GC invocations=5 (full 0):
 garbage-first heap   total 55296K, used 12939K [0x00000000e0000000, 0x0000000100000000)
  region size 1024K, 3 young (3072K), 3 survivors (3072K)
 Metaspace       used 21199K, committed 21504K, reserved 1114112K
  class space    used 2845K, committed 3008K, reserved 1048576K
}
Event: 3.542 GC heap before
{Heap before GC invocations=6 (full 0):
 garbage-first heap   total 48128K, used 37515K [0x00000000e0000000, 0x0000000100000000)
  region size 1024K, 28 young (28672K), 3 survivors (3072K)
 Metaspace       used 25292K, committed 25664K, reserved 1114112K
  class space    used 3346K, committed 3520K, reserved 1048576K
}
Event: 3.545 GC heap after
{Heap after GC invocations=7 (full 0):
 garbage-first heap   total 48128K, used 14094K [0x00000000e0000000, 0x0000000100000000)
  region size 1024K, 3 young (3072K), 3 survivors (3072K)
 Metaspace       used 25292K, committed 25664K, reserved 1114112K
  class space    used 3346K, committed 3520K, reserved 1048576K
}
Event: 3.565 GC heap before
{Heap before GC invocations=7 (full 0):
 garbage-first heap   total 48128K, used 15118K [0x00000000e0000000, 0x0000000100000000)
  region size 1024K, 4 young (4096K), 3 survivors (3072K)
 Metaspace       used 25486K, committed 25792K, reserved 1114112K
  class space    used 3361K, committed 3520K, reserved 1048576K
}
Event: 3.569 GC heap after
{Heap after GC invocations=8 (full 0):
 garbage-first heap   total 48128K, used 14533K [0x00000000e0000000, 0x0000000100000000)
  region size 1024K, 1 young (1024K), 1 survivors (1024K)
 Metaspace       used 25486K, committed 25792K, reserved 1114112K
  class space    used 3361K, committed 3520K, reserved 1048576K
}
Event: 4.249 GC heap before
{Heap before GC invocations=8 (full 0):
 garbage-first heap   total 48128K, used 32965K [0x00000000e0000000, 0x0000000100000000)
  region size 1024K, 20 young (20480K), 1 survivors (1024K)
 Metaspace       used 28311K, committed 28608K, reserved 1114112K
  class space    used 3708K, committed 3840K, reserved 1048576K
}
Event: 4.251 GC heap after
{Heap after GC invocations=9 (full 0):
 garbage-first heap   total 48128K, used 15877K [0x00000000e0000000, 0x0000000100000000)
  region size 1024K, 2 young (2048K), 2 survivors (2048K)
 Metaspace       used 28311K, committed 28608K, reserved 1114112K
  class space    used 3708K, committed 3840K, reserved 1048576K
}
Event: 5.002 GC heap before
{Heap before GC invocations=9 (full 0):
 garbage-first heap   total 48128K, used 35333K [0x00000000e0000000, 0x0000000100000000)
  region size 1024K, 21 young (21504K), 2 survivors (2048K)
 Metaspace       used 31543K, committed 32000K, reserved 1114112K
  class space    used 4181K, committed 4416K, reserved 1048576K
}
Event: 5.005 GC heap after
{Heap after GC invocations=10 (full 0):
 garbage-first heap   total 48128K, used 17526K [0x00000000e0000000, 0x0000000100000000)
  region size 1024K, 2 young (2048K), 2 survivors (2048K)
 Metaspace       used 31543K, committed 32000K, reserved 1114112K
  class space    used 4181K, committed 4416K, reserved 1048576K
}
Event: 5.685 GC heap before
{Heap before GC invocations=10 (full 0):
 garbage-first heap   total 48128K, used 35958K [0x00000000e0000000, 0x0000000100000000)
  region size 1024K, 20 young (20480K), 2 survivors (2048K)
 Metaspace       used 35270K, committed 35776K, reserved 1114112K
  class space    used 4749K, committed 4992K, reserved 1048576K
}
Event: 5.688 GC heap after
{Heap after GC invocations=11 (full 0):
 garbage-first heap   total 48128K, used 19165K [0x00000000e0000000, 0x0000000100000000)
  region size 1024K, 2 young (2048K), 2 survivors (2048K)
 Metaspace       used 35270K, committed 35776K, reserved 1114112K
  class space    used 4749K, committed 4992K, reserved 1048576K
}
Event: 5.830 GC heap before
{Heap before GC invocations=11 (full 0):
 garbage-first heap   total 48128K, used 23261K [0x00000000e0000000, 0x0000000100000000)
  region size 1024K, 7 young (7168K), 2 survivors (2048K)
 Metaspace       used 35833K, committed 36288K, reserved 1114112K
  class space    used 4826K, committed 5056K, reserved 1048576K
}
Event: 5.833 GC heap after
{Heap after GC invocations=12 (full 0):
 garbage-first heap   total 48128K, used 19714K [0x00000000e0000000, 0x0000000100000000)
  region size 1024K, 3 young (3072K), 3 survivors (3072K)
 Metaspace       used 35833K, committed 36288K, reserved 1114112K
  class space    used 4826K, committed 5056K, reserved 1048576K
}
Event: 6.137 GC heap before
{Heap before GC invocations=13 (full 0):
 garbage-first heap   total 48128K, used 35074K [0x00000000e0000000, 0x0000000100000000)
  region size 1024K, 18 young (18432K), 3 survivors (3072K)
 Metaspace       used 37283K, committed 37760K, reserved 1114112K
  class space    used 5032K, committed 5248K, reserved 1048576K
}
Event: 6.141 GC heap after
{Heap after GC invocations=14 (full 0):
 garbage-first heap   total 48128K, used 20592K [0x00000000e0000000, 0x0000000100000000)
  region size 1024K, 2 young (2048K), 2 survivors (2048K)
 Metaspace       used 37283K, committed 37760K, reserved 1114112K
  class space    used 5032K, committed 5248K, reserved 1048576K
}

